Initial node A code compilation
Initial node B code compilation
Initial node C code compilation
Initial node D code compilation
Received node delete command
Connection established (108, 31)
Received node delete command
Initial node A code compilation
Initial node B code compilation
Initial node C code compilation
Initial node D code compilation
Initial node 105 code compilation
Initial node A code compilation
Initial node B code compilation
Initial node C code compilation
Initial node D code compilation
Initial node 105 code compilation
Initial node A code compilation
Initial node B code compilation
Initial node C code compilation
Initial node D code compilation
Initial node 105 code compilation
Connection established (38, 106)
Connection established (33, 106)
Connection established (108, 31)
Received node delete command
Initial node 117 code compilation
Initial node A code compilation
Initial node B code compilation
Initial node C code compilation
Initial node D code compilation
Rename
Initial node A code compilation
Initial node B code compilation
Initial node C code compilation
Initial node D code compilation
Received node delete command
Initial node A code compilation
Initial node B code compilation
Initial node C code compilation
Initial node D code compilation
Initial node A code compilation
Initial node B code compilation
Initial node C code compilation
Initial node D code compilation
Initial node A code compilation
Initial node B code compilation
Initial node C code compilation
Initial node D code compilation
Initial node A code compilation
Initial node B code compilation
Initial node C code compilation
Initial node D code compilation
Showing item 30
Showing item 31
Showing item 32
Showing item 33
Received node delete command
Initial node A code compilation
Initial node B code compilation
Initial node C code compilation
Initial node D code compilation
Showing item 30
Showing item 31
Showing item 32
Showing item 33
Initial node A code compilation
Initial node B code compilation
Initial node C code compilation
Initial node D code compilation
Initial node A code compilation
Initial node B code compilation
Initial node C code compilation
Initial node D code compilation
Initial node A code compilation
Initial node B code compilation
Initial node C code compilation
Initial node D code compilation
A
Initial node A code compilation
Initial node B code compilation
Initial node C code compilation
Initial node D code compilation
A
B
C
D
Initial node A code compilation
Initial node B code compilation
Initial node C code compilation
Initial node D code compilation
A
B
C
D
Showing item A
Showing item B
Showing item C
Showing item D
Saved
Saved
Saved
Executing node 79
Saved
Executing node 79
Executing node 79
Executing node 79
Hello World
Executed node 79
Executing node 84
1
Executed node 84
